<?xml version="1.0" encoding="UTF-8"?>
<!-- Generated by org.testng.reporters.JUnitReportReporter -->
<testsuite hostname="Imran" failures="0" tests="1" name="luma.usa.myRunner.MyRunner" time="27.226" errors="0" timestamp="23 Dec 2022 00:11:21 GMT" skipped="0">
  <testcase classname="luma.usa.myRunner.MyRunner" name="runScenario" time="27.226"/>
</testsuite> <!-- luma.usa.myRunner.MyRunner -->
