<?xml version="1.0" encoding="UTF-8"?>
<!-- Generated by org.testng.reporters.JUnitReportReporter -->
<testsuite hostname="Imran" failures="0" tests="1" name="luma.usa.myRunner.MyRunner" time="29.097" errors="0" timestamp="27 Dec 2022 00:51:35 GMT" skipped="0">
  <testcase classname="luma.usa.myRunner.MyRunner" name="runScenario" time="29.097"/>
</testsuite> <!-- luma.usa.myRunner.MyRunner -->
